Build started 12/3/2015 10:00:06 AM.
     1>Project "C:\coding\OrderBook\OrderBook\OrderBook.vcxproj" on node 2 (Build target(s)).
     1>ClCompile:
         C:\Program Files (x86)\Microsoft Visual Studio 11.0\VC\bin\CL.exe /c /ZI /nologo /W3 /WX- /sdl /Od /Oy- /D _MBCS /Gm /EHsc /RTC1 /MDd /GS /fp:precise /Zc:wchar_t /Zc:forScope /Fo"Debug\\" /Fd"Debug\vc110.pdb" /Gd /TP /analyze- /errorReport:prompt main.cpp OrderBook.cpp
         OrderBook.cpp
     1>c:\coding\orderbook\orderbook\orderbook.cpp(280): error C2065: 'it' : undeclared identifier
     1>c:\coding\orderbook\orderbook\orderbook.cpp(280): error C2227: left of '->orderid' must point to class/struct/union/generic type
                 type is ''unknown-type''
     1>c:\coding\orderbook\orderbook\orderbook.cpp(280): error C2228: left of '.m_price' must have class/struct/union
     1>c:\coding\orderbook\orderbook\orderbook.cpp(280): error C2227: left of '->price' must point to class/struct/union/generic type
                 type is ''unknown-type''
     1>c:\coding\orderbook\orderbook\orderbook.cpp(281): error C2065: 'it' : undeclared identifier
     1>c:\coding\orderbook\orderbook\orderbook.cpp(281): error C2227: left of '->orderid' must point to class/struct/union/generic type
                 type is ''unknown-type''
     1>c:\coding\orderbook\orderbook\orderbook.cpp(281): error C2228: left of '.m_size' must have class/struct/union
     1>c:\coding\orderbook\orderbook\orderbook.cpp(281): error C2227: left of '->size' must point to class/struct/union/generic type
                 type is ''unknown-type''
         main.cpp
         Generating Code...
     1>Done Building Project "C:\coding\OrderBook\OrderBook\OrderBook.vcxproj" (Build target(s)) -- FAILED.

Build FAILED.

Time Elapsed 00:00:01.59
