C:\CODING\ABC\DATASTRUCTURE\LINKEDLIST_C\DEBUG\MAIN.OBJ
C:\CODING\ABC\DATASTRUCTURE\LINKEDLIST_C\DEBUG\LIST.OBJ
C:\CODING\ABC\DATASTRUCTURE\LINKEDLIST_C\DEBUG\VC110.PDB
C:\CODING\ABC\DATASTRUCTURE\DEBUG\LINKEDLIST_C.ILK
C:\CODING\ABC\DATASTRUCTURE\DEBUG\LINKEDLIST_C.EXE
C:\CODING\ABC\DATASTRUCTURE\DEBUG\LINKEDLIST_C.PDB
C:\coding\ABC\DataStructure\LinkedList_C\Debug\list.obj
C:\coding\ABC\DataStructure\LinkedList_C\Debug\main.obj
C:\coding\ABC\DataStructure\LinkedList_C\Debug\cl.command.1.tlog
C:\coding\ABC\DataStructure\LinkedList_C\Debug\CL.read.1.tlog
C:\coding\ABC\DataStructure\LinkedList_C\Debug\CL.write.1.tlog
C:\coding\ABC\DataStructure\LinkedList_C\Debug\link-cvtres.read.1.tlog
C:\coding\ABC\DataStructure\LinkedList_C\Debug\link-cvtres.write.1.tlog
C:\coding\ABC\DataStructure\LinkedList_C\Debug\link-rc.read.1.tlog
C:\coding\ABC\DataStructure\LinkedList_C\Debug\link-rc.write.1.tlog
C:\coding\ABC\DataStructure\LinkedList_C\Debug\link.command.1.tlog
C:\coding\ABC\DataStructure\LinkedList_C\Debug\link.read.1.tlog
C:\coding\ABC\DataStructure\LinkedList_C\Debug\link.write.1.tlog
C:\coding\ABC\DataStructure\LinkedList_C\Debug\vc110.idb
C:\coding\ABC\DataStructure\LinkedList_C\Debug\vc110.pdb
C:\coding\ABC\DataStructure\Debug\LinkedList_C.pdb
C:\coding\ABC\DataStructure\Debug\LinkedList_C.exe
C:\coding\ABC\DataStructure\Debug\LinkedList_C.ilk
